<?xml version="1.0" encoding="UTF-8"?>
<testsuites name="Mocha Tests" time="6.069" tests="9" failures="6">
  <testsuite name="Root Suite" timestamp="2022-11-02T14:28:30" tests="0" time="0.000" failures="0">
  </testsuite>
  <testsuite name="API tests in ReportPortal" timestamp="2022-11-02T14:28:30" tests="9" file="D:\Automation Program Global - Advanced\Homework 7 - CI-CD\demo-reportportal-api-project\test.spec.js" time="6.068" failures="6">
    <testcase name="API tests in ReportPortal API test - get token" time="1.082" classname="API test - get token">
    </testcase>
    <testcase name="API tests in ReportPortal API tests - create the widget" time="1.578" classname="API tests - create the widget">
      <failure message="expected undefined to equal &apos;613157&apos;" type="AssertionError"><![CDATA[AssertionError: expected undefined to equal '613157'
    at Context.<anonymous> (test.spec.js:30:40)
    at processTicksAndRejections (node:internal/process/task_queues:96:5)

      + expected - actual:  failed to generate Mocha diff
]]></failure>
    </testcase>
    <testcase name="API tests in ReportPortal API tests - update the widget" time="0.683" classname="API tests - update the widget">
      <failure message="expected undefined to equal &apos;364782&apos;" type="AssertionError"><![CDATA[AssertionError: expected undefined to equal '364782'
    at Context.<anonymous> (test.spec.js:39:40)
    at processTicksAndRejections (node:internal/process/task_queues:96:5)

      + expected - actual:  failed to generate Mocha diff
]]></failure>
    </testcase>
    <testcase name="API tests in ReportPortal API tests - delete the widget" time="0.308" classname="API tests - delete the widget">
      <failure message="expected 400 to equal 200" type="AssertionError"><![CDATA[AssertionError: expected 400 to equal 200
    at Context.<anonymous> (test.spec.js:47:40)
    at processTicksAndRejections (node:internal/process/task_queues:96:5)

      + expected - actual

      -400
      +200
      ]]></failure>
    </testcase>
    <testcase name="API tests in ReportPortal API tests - create the dashboard" time="0.397" classname="API tests - create the dashboard">
      <failure message="expected 403 to equal 201" type="AssertionError"><![CDATA[AssertionError: expected 403 to equal 201
    at Context.<anonymous> (test.spec.js:57:43)
    at processTicksAndRejections (node:internal/process/task_queues:96:5)

      + expected - actual

      -403
      +201
      ]]></failure>
    </testcase>
    <testcase name="API tests in ReportPortal API tests - update the dashboard" time="0.657" classname="API tests - update the dashboard">
      <failure message="expected 400 to equal 200" type="AssertionError"><![CDATA[AssertionError: expected 400 to equal 200
    at Context.<anonymous> (test.spec.js:67:43)
    at processTicksAndRejections (node:internal/process/task_queues:96:5)

      + expected - actual

      -400
      +200
      ]]></failure>
    </testcase>
    <testcase name="API tests in ReportPortal API tests - delete the dashboard" time="0.341" classname="API tests - delete the dashboard">
      <failure message="expected 400 to equal 200" type="AssertionError"><![CDATA[AssertionError: expected 400 to equal 200
    at Context.<anonymous> (test.spec.js:77:43)
    at processTicksAndRejections (node:internal/process/task_queues:96:5)

      + expected - actual

      -400
      +200
      ]]></failure>
    </testcase>
    <testcase name="API tests in ReportPortal API tests - create the widget with incorrect request data" time="0.354" classname="API tests - create the widget with incorrect request data">
    </testcase>
    <testcase name="API tests in ReportPortal API tests - create the dashboard with incorrect request data" time="0.645" classname="API tests - create the dashboard with incorrect request data">
    </testcase>
  </testsuite>
</testsuites>